Release 14.7 - xst P.20131013 (nt64)
Copyright (c) 1995-2013 Xilinx, Inc.  All rights reserved.
--> Parameter TMPDIR set to xst/projnav.tmp


Total REAL time to Xst completion: 0.00 secs
Total CPU time to Xst completion: 0.19 secs
 
--> Parameter xsthdpdir set to xst


Total REAL time to Xst completion: 0.00 secs
Total CPU time to Xst completion: 0.19 secs
 
--> Reading design: DecadeCounter.prj

TABLE OF CONTENTS
  1) Synthesis Options Summary
  2) HDL Parsing
  3) HDL Elaboration
  4) HDL Synthesis
       4.1) HDL Synthesis Report
  5) Advanced HDL Synthesis
       5.1) Advanced HDL Synthesis Report
  6) Low Level Synthesis
  7) Partition Report
  8) Design Summary
       8.1) Primitive and Black Box Usage
       8.2) Device utilization summary
       8.3) Partition Resource Summary
       8.4) Timing Report
            8.4.1) Clock Information
            8.4.2) Asynchronous Control Signals Information
            8.4.3) Timing Summary
            8.4.4) Timing Details
            8.4.5) Cross Clock Domains Report


=========================================================================
*                      Synthesis Options Summary                        *
=========================================================================
---- Source Parameters
Input File Name                    : "DecadeCounter.prj"
Ignore Synthesis Constraint File   : NO

---- Target Parameters
Output File Name                   : "DecadeCounter"
Output Format                      : NGC
Target Device                      : xc7a100t-3-csg324

---- Source Options
Top Module Name                    : DecadeCounter
Automatic FSM Extraction           : YES
FSM Encoding Algorithm             : Auto
Safe Implementation                : No
FSM Style                          : LUT
RAM Extraction                     : Yes
RAM Style                          : Auto
ROM Extraction                     : Yes
Shift Register Extraction          : YES
ROM Style                          : Auto
Resource Sharing                   : YES
Asynchronous To Synchronous        : NO
Shift Register Minimum Size        : 2
Use DSP Block                      : Auto
Automatic Register Balancing       : No

---- Target Options
LUT Combining                      : Auto
Reduce Control Sets                : Auto
Add IO Buffers                     : YES
Global Maximum Fanout              : 100000
Add Generic Clock Buffer(BUFG)     : 32
Register Duplication               : YES
Optimize Instantiated Primitives   : NO
Use Clock Enable                   : Auto
Use Synchronous Set                : Auto
Use Synchronous Reset              : Auto
Pack IO Registers into IOBs        : Auto
Equivalent register Removal        : YES

---- General Options
Optimization Goal                  : Speed
Optimization Effort                : 1
Power Reduction                    : NO
Keep Hierarchy                     : No
Netlist Hierarchy                  : As_Optimized
RTL Output                         : Yes
Global Optimization                : AllClockNets
Read Cores                         : YES
Write Timing Constraints           : NO
Cross Clock Analysis               : NO
Hierarchy Separator                : /
Bus Delimiter                      : <>
Case Specifier                     : Maintain
Slice Utilization Ratio            : 100
BRAM Utilization Ratio             : 100
DSP48 Utilization Ratio            : 100
Auto BRAM Packing                  : NO
Slice Utilization Ratio Delta      : 5

=========================================================================


=========================================================================
*                          HDL Parsing                                  *
=========================================================================
Parsing VHDL file "\\thayerfs.thayer.dartmouth.edu\f0019x8\ENGS31\Lab3\DecadeCoutner.vhd" into library work
Parsing entity <DecadeCounter>.
Parsing architecture <Behavioral> of entity <decadecounter>.

=========================================================================
*                            HDL Elaboration                            *
=========================================================================

Elaborating entity <DecadeCounter> (architecture <Behavioral>) from library <work>.
WARNING:HDLCompiler:92 - "\\thayerfs.thayer.dartmouth.edu\f0019x8\ENGS31\Lab3\DecadeCoutner.vhd" Line 50: t_count should be on the sensitivity list of the process

=========================================================================
*                           HDL Synthesis                               *
=========================================================================

Synthesizing Unit <DecadeCounter>.
    Related source file is "\\thayerfs.thayer.dartmouth.edu\f0019x8\ENGS31\Lab3\DecadeCoutner.vhd".
    Found 4-bit register for signal <t_count[3]_dff_3_OUT>.
    Found 1-bit register for signal <t_count<3>>.
    Found 1-bit register for signal <t_count<2>>.
    Found 1-bit register for signal <t_count<1>>.
    Found 1-bit register for signal <t_count<0>>.
    Found 4-bit adder for signal <t_count[3]_GND_4_o_add_5_OUT> created at line 1241.
    WARNING:Xst:2404 -  FFs/Latches <_i000005<1:4>> (without init value) have a constant value of 0 in block <DecadeCounter>.
    Summary:
	inferred   1 Adder/Subtractor(s).
	inferred   8 D-type flip-flop(s).
	inferred   5 Multiplexer(s).
Unit <DecadeCounter> synthesized.

=========================================================================
HDL Synthesis Report

Macro Statistics
# Adders/Subtractors                                   : 1
 4-bit adder                                           : 1
# Registers                                            : 5
 1-bit register                                        : 4
 4-bit register                                        : 1
# Multiplexers                                         : 5
 1-bit 2-to-1 multiplexer                              : 4
 4-bit 2-to-1 multiplexer                              : 1

=========================================================================

=========================================================================
*                       Advanced HDL Synthesis                          *
=========================================================================


=========================================================================
Advanced HDL Synthesis Report

Macro Statistics
# Adders/Subtractors                                   : 1
 4-bit adder                                           : 1
# Registers                                            : 8
 Flip-Flops                                            : 8
# Multiplexers                                         : 5
 1-bit 2-to-1 multiplexer                              : 4
 4-bit 2-to-1 multiplexer                              : 1

=========================================================================

=========================================================================
*                         Low Level Synthesis                           *
=========================================================================
WARNING:Xst:3001 - This design contains one or more registers or latches with an active
   asynchronous set and asynchronous reset. While this circuit can be built,
   it creates a sub-optimal implementation in terms of area, power and
   performance. For a more optimal implementation Xilinx highly recommends
   one of the following:

          1) Remove either the set or reset from all registers and latches if
             not needed for required functionality
          2) Modify the code in order to produce a synchronous set
             and/or reset (both is preferred)
          3) Use the -async_to_sync option to transform the asynchronous
             set/reset to synchronous operation
             (timing simulation highly recommended when using this option)

  Please refer to http://www.xilinx.com search string "Artix7 asynchronous set/reset" for more details.

  List of register instances with asynchronous set and reset:
    t_count_3 in unit <DecadeCounter>
    t_count_0 in unit <DecadeCounter>
    t_count_2 in unit <DecadeCounter>
    t_count_1 in unit <DecadeCounter>


Optimizing unit <DecadeCounter> ...

Mapping all equations...
Building and optimizing final netlist ...
Found area constraint ratio of 100 (+ 5) on block DecadeCounter, actual ratio is 0.

Final Macro Processing ...

=========================================================================
Final Register Report

Macro Statistics
# Registers                                            : 12
 Flip-Flops                                            : 12

=========================================================================

=========================================================================
*                           Partition Report                            *
=========================================================================

Partition Implementation Status
-------------------------------

  No Partitions were found in this design.

-------------------------------

=========================================================================
*                            Design Summary                             *
=========================================================================

Top Level Output File Name         : DecadeCounter.ngc

Primitive and Black Box Usage:
------------------------------
# BELS                             : 17
#      LUT3                        : 4
#      LUT4                        : 1
#      LUT5                        : 2
#      LUT6                        : 9
#      VCC                         : 1
# FlipFlops/Latches                : 16
#      FDC                         : 4
#      FDP                         : 4
#      FDR                         : 4
#      LDC                         : 4
# Clock Buffers                    : 1
#      BUFGP                       : 1
# IO Buffers                       : 6
#      IBUF                        : 2
#      OBUF                        : 4

Device utilization summary:
---------------------------

Selected Device : 7a100tcsg324-3 


Slice Logic Utilization: 
 Number of Slice Registers:              16  out of  126800     0%  
 Number of Slice LUTs:                   16  out of  63400     0%  
    Number used as Logic:                16  out of  63400     0%  

Slice Logic Distribution: 
 Number of LUT Flip Flop pairs used:     24
   Number with an unused Flip Flop:       8  out of     24    33%  
   Number with an unused LUT:             8  out of     24    33%  
   Number of fully used LUT-FF pairs:     8  out of     24    33%  
   Number of unique control sets:        13

IO Utilization: 
 Number of IOs:                           8
 Number of bonded IOBs:                   7  out of    210     3%  

Specific Feature Utilization:
 Number of BUFG/BUFGCTRLs:                1  out of     32     3%  

---------------------------
Partition Resource Summary:
---------------------------

  No Partitions were found in this design.

---------------------------


=========================================================================
Timing Report

NOTE: THESE TIMING NUMBERS ARE ONLY A SYNTHESIS ESTIMATE.
      FOR ACCURATE TIMING INFORMATION PLEASE REFER TO THE TRACE REPORT
      GENERATED AFTER PLACE-and-ROUTE.

Clock Information:
------------------
-----------------------------------------------------------------+------------------------+-------+
Clock Signal                                                     | Clock buffer(FF name)  | Load  |
-----------------------------------------------------------------+------------------------+-------+
CLK                                                              | BUFGP                  | 12    |
t_count[3]_t_count[3]_AND_8_o(t_count[3]_t_count[3]_AND_8_o1:O)  | NONE(*)(t_count_1_LDC) | 1     |
t_count[3]_t_count[3]_AND_6_o(t_count[3]_t_count[3]_AND_6_o1:O)  | NONE(*)(t_count_2_LDC) | 1     |
t_count[3]_t_count[3]_AND_10_o(t_count[3]_t_count[3]_AND_10_o1:O)| NONE(*)(t_count_0_LDC) | 1     |
t_count[3]_t_count[3]_AND_4_o(t_count[3]_t_count[3]_AND_4_o1:O)  | NONE(*)(t_count_3_LDC) | 1     |
-----------------------------------------------------------------+------------------------+-------+
(*) These 4 clock signal(s) are generated by combinatorial logic,
and XST is not able to identify which are the primary clock signals.
Please use the CLOCK_SIGNAL constraint to specify the clock signal(s) generated by combinatorial logic.
INFO:Xst:2169 - HDL ADVISOR - Some clock signals were not automatically buffered by XST with BUFG/BUFR resources. Please use the buffer_type constraint in order to insert these buffers to the clock signals to help prevent skew problems.

Asynchronous Control Signals Information:
----------------------------------------
No asynchronous control signals found in this design

Timing Summary:
---------------
Speed Grade: -3

   Minimum period: 2.183ns (Maximum Frequency: 458.022MHz)
   Minimum input arrival time before clock: 1.456ns
   Maximum output required time after clock: 1.420ns
   Maximum combinational path delay: No path found

Timing Details:
---------------
All values displayed in nanoseconds (ns)

=========================================================================
Timing constraint: Default period analysis for Clock 'CLK'
  Clock period: 2.183ns (frequency: 458.022MHz)
  Total number of paths / destination ports: 120 / 20
-------------------------------------------------------------------------
Delay:               2.183ns (Levels of Logic = 2)
  Source:            t_count_0_C_0 (FF)
  Destination:       t_count_1_P_1 (FF)
  Source Clock:      CLK rising
  Destination Clock: CLK rising

  Data Path: t_count_0_C_0 to t_count_1_P_1
                                Gate     Net
    Cell:in->out      fanout   Delay   Delay  Logical Name (Net Name)
    ----------------------------------------  ------------
     FDC:C->Q              2   0.361   0.383  t_count_0_C_0 (t_count_0_C_0)
     LUT3:I1->O           13   0.097   0.612  t_count_01 (t_count_0)
     LUT6:I2->O            2   0.097   0.283  t_count[3]_t_count[3]_AND_5_o1 (t_count[3]_t_count[3]_AND_5_o)
     FDC:CLR                   0.349          t_count_3_C_3
    ----------------------------------------
    Total                      2.183ns (0.904ns logic, 1.279ns route)
                                       (41.4% logic, 58.6% route)

=========================================================================
Timing constraint: Default period analysis for Clock 't_count[3]_t_count[3]_AND_8_o'
  Clock period: 2.160ns (frequency: 463.027MHz)
  Total number of paths / destination ports: 1 / 1
-------------------------------------------------------------------------
Delay:               2.160ns (Levels of Logic = 2)
  Source:            t_count_1_LDC (LATCH)
  Destination:       t_count_1_LDC (LATCH)
  Source Clock:      t_count[3]_t_count[3]_AND_8_o falling
  Destination Clock: t_count[3]_t_count[3]_AND_8_o falling

  Data Path: t_count_1_LDC to t_count_1_LDC
                                Gate     Net
    Cell:in->out      fanout   Delay   Delay  Logical Name (Net Name)
    ----------------------------------------  ------------
     LDC:G->Q              2   0.472   0.515  t_count_1_LDC (t_count_1_LDC)
     LUT3:I0->O           12   0.097   0.346  t_count_11 (t_count_1)
     LUT6:I5->O            2   0.097   0.283  t_count[3]_t_count[3]_AND_9_o1 (t_count[3]_t_count[3]_AND_9_o)
     LDC:CLR                   0.349          t_count_1_LDC
    ----------------------------------------
    Total                      2.160ns (1.015ns logic, 1.145ns route)
                                       (47.0% logic, 53.0% route)

=========================================================================
Timing constraint: Default period analysis for Clock 't_count[3]_t_count[3]_AND_6_o'
  Clock period: 2.155ns (frequency: 463.930MHz)
  Total number of paths / destination ports: 1 / 1
-------------------------------------------------------------------------
Delay:               2.155ns (Levels of Logic = 2)
  Source:            t_count_2_LDC (LATCH)
  Destination:       t_count_2_LDC (LATCH)
  Source Clock:      t_count[3]_t_count[3]_AND_6_o falling
  Destination Clock: t_count[3]_t_count[3]_AND_6_o falling

  Data Path: t_count_2_LDC to t_count_2_LDC
                                Gate     Net
    Cell:in->out      fanout   Delay   Delay  Logical Name (Net Name)
    ----------------------------------------  ------------
     LDC:G->Q              2   0.472   0.515  t_count_2_LDC (t_count_2_LDC)
     LUT3:I0->O           11   0.097   0.341  t_count_21 (t_count_2)
     LUT6:I5->O            2   0.097   0.283  t_count[3]_t_count[3]_AND_7_o1 (t_count[3]_t_count[3]_AND_7_o)
     LDC:CLR                   0.349          t_count_2_LDC
    ----------------------------------------
    Total                      2.155ns (1.015ns logic, 1.140ns route)
                                       (47.1% logic, 52.9% route)

=========================================================================
Timing constraint: Default period analysis for Clock 't_count[3]_t_count[3]_AND_10_o'
  Clock period: 2.165ns (frequency: 461.830MHz)
  Total number of paths / destination ports: 1 / 1
-------------------------------------------------------------------------
Delay:               2.165ns (Levels of Logic = 2)
  Source:            t_count_0_LDC (LATCH)
  Destination:       t_count_0_LDC (LATCH)
  Source Clock:      t_count[3]_t_count[3]_AND_10_o falling
  Destination Clock: t_count[3]_t_count[3]_AND_10_o falling

  Data Path: t_count_0_LDC to t_count_0_LDC
                                Gate     Net
    Cell:in->out      fanout   Delay   Delay  Logical Name (Net Name)
    ----------------------------------------  ------------
     LDC:G->Q              2   0.472   0.515  t_count_0_LDC (t_count_0_LDC)
     LUT3:I0->O           13   0.097   0.351  t_count_01 (t_count_0)
     LUT6:I5->O            2   0.097   0.283  t_count[3]_t_count[3]_AND_11_o1 (t_count[3]_t_count[3]_AND_11_o)
     LDC:CLR                   0.349          t_count_0_LDC
    ----------------------------------------
    Total                      2.165ns (1.015ns logic, 1.150ns route)
                                       (46.9% logic, 53.1% route)

=========================================================================
Timing constraint: Default period analysis for Clock 't_count[3]_t_count[3]_AND_4_o'
  Clock period: 2.151ns (frequency: 464.835MHz)
  Total number of paths / destination ports: 1 / 1
-------------------------------------------------------------------------
Delay:               2.151ns (Levels of Logic = 2)
  Source:            t_count_3_LDC (LATCH)
  Destination:       t_count_3_LDC (LATCH)
  Source Clock:      t_count[3]_t_count[3]_AND_4_o falling
  Destination Clock: t_count[3]_t_count[3]_AND_4_o falling

  Data Path: t_count_3_LDC to t_count_3_LDC
                                Gate     Net
    Cell:in->out      fanout   Delay   Delay  Logical Name (Net Name)
    ----------------------------------------  ------------
     LDC:G->Q              1   0.472   0.511  t_count_3_LDC (t_count_3_LDC)
     LUT3:I0->O           11   0.097   0.341  t_count_31 (t_count_3)
     LUT6:I5->O            2   0.097   0.283  t_count[3]_t_count[3]_AND_5_o1 (t_count[3]_t_count[3]_AND_5_o)
     LDC:CLR                   0.349          t_count_3_LDC
    ----------------------------------------
    Total                      2.151ns (1.015ns logic, 1.136ns route)
                                       (47.2% logic, 52.8% route)

=========================================================================
Timing constraint: Default OFFSET IN BEFORE for Clock 'CLK'
  Total number of paths / destination ports: 20 / 20
-------------------------------------------------------------------------
Offset:              1.456ns (Levels of Logic = 2)
  Source:            clear (PAD)
  Destination:       t_count_1_C_1 (FF)
  Destination Clock: CLK rising

  Data Path: clear to t_count_1_C_1
                                Gate     Net
    Cell:in->out      fanout   Delay   Delay  Logical Name (Net Name)
    ----------------------------------------  ------------
     IBUF:I->O             8   0.001   0.725  clear_IBUF (clear_IBUF)
     LUT6:I0->O            2   0.097   0.283  t_count[3]_t_count[3]_AND_5_o1 (t_count[3]_t_count[3]_AND_5_o)
     FDC:CLR                   0.349          t_count_3_C_3
    ----------------------------------------
    Total                      1.456ns (0.447ns logic, 1.009ns route)
                                       (30.7% logic, 69.3% route)

=========================================================================
Timing constraint: Default OFFSET IN BEFORE for Clock 't_count[3]_t_count[3]_AND_8_o'
  Total number of paths / destination ports: 1 / 1
-------------------------------------------------------------------------
Offset:              1.456ns (Levels of Logic = 2)
  Source:            clear (PAD)
  Destination:       t_count_1_LDC (LATCH)
  Destination Clock: t_count[3]_t_count[3]_AND_8_o falling

  Data Path: clear to t_count_1_LDC
                                Gate     Net
    Cell:in->out      fanout   Delay   Delay  Logical Name (Net Name)
    ----------------------------------------  ------------
     IBUF:I->O             8   0.001   0.725  clear_IBUF (clear_IBUF)
     LUT6:I0->O            2   0.097   0.283  t_count[3]_t_count[3]_AND_9_o1 (t_count[3]_t_count[3]_AND_9_o)
     LDC:CLR                   0.349          t_count_1_LDC
    ----------------------------------------
    Total                      1.456ns (0.447ns logic, 1.009ns route)
                                       (30.7% logic, 69.3% route)

=========================================================================
Timing constraint: Default OFFSET IN BEFORE for Clock 't_count[3]_t_count[3]_AND_6_o'
  Total number of paths / destination ports: 1 / 1
-------------------------------------------------------------------------
Offset:              1.456ns (Levels of Logic = 2)
  Source:            clear (PAD)
  Destination:       t_count_2_LDC (LATCH)
  Destination Clock: t_count[3]_t_count[3]_AND_6_o falling

  Data Path: clear to t_count_2_LDC
                                Gate     Net
    Cell:in->out      fanout   Delay   Delay  Logical Name (Net Name)
    ----------------------------------------  ------------
     IBUF:I->O             8   0.001   0.725  clear_IBUF (clear_IBUF)
     LUT6:I0->O            2   0.097   0.283  t_count[3]_t_count[3]_AND_7_o1 (t_count[3]_t_count[3]_AND_7_o)
     LDC:CLR                   0.349          t_count_2_LDC
    ----------------------------------------
    Total                      1.456ns (0.447ns logic, 1.009ns route)
                                       (30.7% logic, 69.3% route)

=========================================================================
Timing constraint: Default OFFSET IN BEFORE for Clock 't_count[3]_t_count[3]_AND_10_o'
  Total number of paths / destination ports: 1 / 1
-------------------------------------------------------------------------
Offset:              1.456ns (Levels of Logic = 2)
  Source:            clear (PAD)
  Destination:       t_count_0_LDC (LATCH)
  Destination Clock: t_count[3]_t_count[3]_AND_10_o falling

  Data Path: clear to t_count_0_LDC
                                Gate     Net
    Cell:in->out      fanout   Delay   Delay  Logical Name (Net Name)
    ----------------------------------------  ------------
     IBUF:I->O             8   0.001   0.725  clear_IBUF (clear_IBUF)
     LUT6:I0->O            2   0.097   0.283  t_count[3]_t_count[3]_AND_11_o1 (t_count[3]_t_count[3]_AND_11_o)
     LDC:CLR                   0.349          t_count_0_LDC
    ----------------------------------------
    Total                      1.456ns (0.447ns logic, 1.009ns route)
                                       (30.7% logic, 69.3% route)

=========================================================================
Timing constraint: Default OFFSET IN BEFORE for Clock 't_count[3]_t_count[3]_AND_4_o'
  Total number of paths / destination ports: 1 / 1
-------------------------------------------------------------------------
Offset:              1.456ns (Levels of Logic = 2)
  Source:            clear (PAD)
  Destination:       t_count_3_LDC (LATCH)
  Destination Clock: t_count[3]_t_count[3]_AND_4_o falling

  Data Path: clear to t_count_3_LDC
                                Gate     Net
    Cell:in->out      fanout   Delay   Delay  Logical Name (Net Name)
    ----------------------------------------  ------------
     IBUF:I->O             8   0.001   0.725  clear_IBUF (clear_IBUF)
     LUT6:I0->O            2   0.097   0.283  t_count[3]_t_count[3]_AND_5_o1 (t_count[3]_t_count[3]_AND_5_o)
     LDC:CLR                   0.349          t_count_3_LDC
    ----------------------------------------
    Total                      1.456ns (0.447ns logic, 1.009ns route)
                                       (30.7% logic, 69.3% route)

=========================================================================
Timing constraint: Default OFFSET OUT AFTER for Clock 't_count[3]_t_count[3]_AND_4_o'
  Total number of paths / destination ports: 1 / 1
-------------------------------------------------------------------------
Offset:              1.406ns (Levels of Logic = 2)
  Source:            t_count_3_LDC (LATCH)
  Destination:       Q<3> (PAD)
  Source Clock:      t_count[3]_t_count[3]_AND_4_o falling

  Data Path: t_count_3_LDC to Q<3>
                                Gate     Net
    Cell:in->out      fanout   Delay   Delay  Logical Name (Net Name)
    ----------------------------------------  ------------
     LDC:G->Q              1   0.472   0.511  t_count_3_LDC (t_count_3_LDC)
     LUT3:I0->O           11   0.097   0.326  t_count_31 (t_count_3)
     OBUF:I->O                 0.000          Q_3_OBUF (Q<3>)
    ----------------------------------------
    Total                      1.406ns (0.569ns logic, 0.837ns route)
                                       (40.5% logic, 59.5% route)

=========================================================================
Timing constraint: Default OFFSET OUT AFTER for Clock 'CLK'
  Total number of paths / destination ports: 8 / 4
-------------------------------------------------------------------------
Offset:              1.177ns (Levels of Logic = 2)
  Source:            t_count_0_C_0 (FF)
  Destination:       Q<0> (PAD)
  Source Clock:      CLK rising

  Data Path: t_count_0_C_0 to Q<0>
                                Gate     Net
    Cell:in->out      fanout   Delay   Delay  Logical Name (Net Name)
    ----------------------------------------  ------------
     FDC:C->Q              2   0.361   0.383  t_count_0_C_0 (t_count_0_C_0)
     LUT3:I1->O           13   0.097   0.335  t_count_01 (t_count_0)
     OBUF:I->O                 0.000          Q_0_OBUF (Q<0>)
    ----------------------------------------
    Total                      1.177ns (0.458ns logic, 0.719ns route)
                                       (38.9% logic, 61.1% route)

=========================================================================
Timing constraint: Default OFFSET OUT AFTER for Clock 't_count[3]_t_count[3]_AND_6_o'
  Total number of paths / destination ports: 1 / 1
-------------------------------------------------------------------------
Offset:              1.410ns (Levels of Logic = 2)
  Source:            t_count_2_LDC (LATCH)
  Destination:       Q<2> (PAD)
  Source Clock:      t_count[3]_t_count[3]_AND_6_o falling

  Data Path: t_count_2_LDC to Q<2>
                                Gate     Net
    Cell:in->out      fanout   Delay   Delay  Logical Name (Net Name)
    ----------------------------------------  ------------
     LDC:G->Q              2   0.472   0.515  t_count_2_LDC (t_count_2_LDC)
     LUT3:I0->O           11   0.097   0.326  t_count_21 (t_count_2)
     OBUF:I->O                 0.000          Q_2_OBUF (Q<2>)
    ----------------------------------------
    Total                      1.410ns (0.569ns logic, 0.841ns route)
                                       (40.4% logic, 59.6% route)

=========================================================================
Timing constraint: Default OFFSET OUT AFTER for Clock 't_count[3]_t_count[3]_AND_8_o'
  Total number of paths / destination ports: 1 / 1
-------------------------------------------------------------------------
Offset:              1.414ns (Levels of Logic = 2)
  Source:            t_count_1_LDC (LATCH)
  Destination:       Q<1> (PAD)
  Source Clock:      t_count[3]_t_count[3]_AND_8_o falling

  Data Path: t_count_1_LDC to Q<1>
                                Gate     Net
    Cell:in->out      fanout   Delay   Delay  Logical Name (Net Name)
    ----------------------------------------  ------------
     LDC:G->Q              2   0.472   0.515  t_count_1_LDC (t_count_1_LDC)
     LUT3:I0->O           12   0.097   0.330  t_count_11 (t_count_1)
     OBUF:I->O                 0.000          Q_1_OBUF (Q<1>)
    ----------------------------------------
    Total                      1.414ns (0.569ns logic, 0.845ns route)
                                       (40.2% logic, 59.8% route)

=========================================================================
Timing constraint: Default OFFSET OUT AFTER for Clock 't_count[3]_t_count[3]_AND_10_o'
  Total number of paths / destination ports: 1 / 1
-------------------------------------------------------------------------
Offset:              1.420ns (Levels of Logic = 2)
  Source:            t_count_0_LDC (LATCH)
  Destination:       Q<0> (PAD)
  Source Clock:      t_count[3]_t_count[3]_AND_10_o falling

  Data Path: t_count_0_LDC to Q<0>
                                Gate     Net
    Cell:in->out      fanout   Delay   Delay  Logical Name (Net Name)
    ----------------------------------------  ------------
     LDC:G->Q              2   0.472   0.515  t_count_0_LDC (t_count_0_LDC)
     LUT3:I0->O           13   0.097   0.335  t_count_01 (t_count_0)
     OBUF:I->O                 0.000          Q_0_OBUF (Q<0>)
    ----------------------------------------
    Total                      1.420ns (0.569ns logic, 0.851ns route)
                                       (40.1% logic, 59.9% route)

=========================================================================

Cross Clock Domains Report:
--------------------------

Clock to Setup on destination clock CLK
------------------------------+---------+---------+---------+---------+
                              | Src:Rise| Src:Fall| Src:Rise| Src:Fall|
Source Clock                  |Dest:Rise|Dest:Rise|Dest:Fall|Dest:Fall|
------------------------------+---------+---------+---------+---------+
CLK                           |    2.183|         |         |         |
t_count[3]_t_count[3]_AND_10_o|         |    2.426|         |         |
t_count[3]_t_count[3]_AND_4_o |         |    2.412|         |         |
t_count[3]_t_count[3]_AND_6_o |         |    2.372|         |         |
t_count[3]_t_count[3]_AND_8_o |         |    2.376|         |         |
------------------------------+---------+---------+---------+---------+

Clock to Setup on destination clock t_count[3]_t_count[3]_AND_10_o
------------------------------+---------+---------+---------+---------+
                              | Src:Rise| Src:Fall| Src:Rise| Src:Fall|
Source Clock                  |Dest:Rise|Dest:Rise|Dest:Fall|Dest:Fall|
------------------------------+---------+---------+---------+---------+
CLK                           |         |         |    2.169|         |
t_count[3]_t_count[3]_AND_10_o|         |         |    2.165|         |
t_count[3]_t_count[3]_AND_4_o |         |         |    2.412|         |
t_count[3]_t_count[3]_AND_6_o |         |         |    2.372|         |
t_count[3]_t_count[3]_AND_8_o |         |         |    2.244|         |
------------------------------+---------+---------+---------+---------+

Clock to Setup on destination clock t_count[3]_t_count[3]_AND_4_o
------------------------------+---------+---------+---------+---------+
                              | Src:Rise| Src:Fall| Src:Rise| Src:Fall|
Source Clock                  |Dest:Rise|Dest:Rise|Dest:Fall|Dest:Fall|
------------------------------+---------+---------+---------+---------+
CLK                           |         |         |    2.183|         |
t_count[3]_t_count[3]_AND_10_o|         |         |    2.426|         |
t_count[3]_t_count[3]_AND_4_o |         |         |    2.151|         |
t_count[3]_t_count[3]_AND_6_o |         |         |    2.240|         |
t_count[3]_t_count[3]_AND_8_o |         |         |    2.376|         |
------------------------------+---------+---------+---------+---------+

Clock to Setup on destination clock t_count[3]_t_count[3]_AND_6_o
------------------------------+---------+---------+---------+---------+
                              | Src:Rise| Src:Fall| Src:Rise| Src:Fall|
Source Clock                  |Dest:Rise|Dest:Rise|Dest:Fall|Dest:Fall|
------------------------------+---------+---------+---------+---------+
CLK                           |         |         |    2.169|         |
t_count[3]_t_count[3]_AND_10_o|         |         |    2.249|         |
t_count[3]_t_count[3]_AND_4_o |         |         |    2.412|         |
t_count[3]_t_count[3]_AND_6_o |         |         |    2.155|         |
t_count[3]_t_count[3]_AND_8_o |         |         |    2.376|         |
------------------------------+---------+---------+---------+---------+

Clock to Setup on destination clock t_count[3]_t_count[3]_AND_8_o
------------------------------+---------+---------+---------+---------+
                              | Src:Rise| Src:Fall| Src:Rise| Src:Fall|
Source Clock                  |Dest:Rise|Dest:Rise|Dest:Fall|Dest:Fall|
------------------------------+---------+---------+---------+---------+
CLK                           |         |         |    2.169|         |
t_count[3]_t_count[3]_AND_10_o|         |         |    2.249|         |
t_count[3]_t_count[3]_AND_4_o |         |         |    2.412|         |
t_count[3]_t_count[3]_AND_6_o |         |         |    2.372|         |
t_count[3]_t_count[3]_AND_8_o |         |         |    2.160|         |
------------------------------+---------+---------+---------+---------+

=========================================================================


Total REAL time to Xst completion: 14.00 secs
Total CPU time to Xst completion: 14.06 secs
 
--> 

Total memory usage is 435116 kilobytes

Number of errors   :    0 (   0 filtered)
Number of warnings :    3 (   0 filtered)
Number of infos    :    1 (   0 filtered)

