Release 14.7 - xst P.20131013 (nt64)
Copyright (c) 1995-2013 Xilinx, Inc.  All rights reserved.
--> Parameter TMPDIR set to xst/projnav.tmp


Total REAL time to Xst completion: 0.00 secs
Total CPU time to Xst completion: 0.16 secs
 
--> Parameter xsthdpdir set to xst


Total REAL time to Xst completion: 0.00 secs
Total CPU time to Xst completion: 0.17 secs
 
--> Reading design: taillights.prj

TABLE OF CONTENTS
  1) Synthesis Options Summary
  2) HDL Parsing
  3) HDL Elaboration
  4) HDL Synthesis
       4.1) HDL Synthesis Report
  5) Advanced HDL Synthesis
       5.1) Advanced HDL Synthesis Report
  6) Low Level Synthesis
  7) Partition Report
  8) Design Summary
       8.1) Primitive and Black Box Usage
       8.2) Device utilization summary
       8.3) Partition Resource Summary
       8.4) Timing Report
            8.4.1) Clock Information
            8.4.2) Asynchronous Control Signals Information
            8.4.3) Timing Summary
            8.4.4) Timing Details
            8.4.5) Cross Clock Domains Report


=========================================================================
*                      Synthesis Options Summary                        *
=========================================================================
---- Source Parameters
Input File Name                    : "taillights.prj"
Ignore Synthesis Constraint File   : NO

---- Target Parameters
Output File Name                   : "taillights"
Output Format                      : NGC
Target Device                      : xc7a100t-3-csg324

---- Source Options
Top Module Name                    : taillights
Automatic FSM Extraction           : YES
FSM Encoding Algorithm             : Auto
Safe Implementation                : No
FSM Style                          : LUT
RAM Extraction                     : Yes
RAM Style                          : Auto
ROM Extraction                     : Yes
Shift Register Extraction          : YES
ROM Style                          : Auto
Resource Sharing                   : YES
Asynchronous To Synchronous        : NO
Shift Register Minimum Size        : 2
Use DSP Block                      : Auto
Automatic Register Balancing       : No

---- Target Options
LUT Combining                      : Auto
Reduce Control Sets                : Auto
Add IO Buffers                     : YES
Global Maximum Fanout              : 100000
Add Generic Clock Buffer(BUFG)     : 32
Register Duplication               : YES
Optimize Instantiated Primitives   : NO
Use Clock Enable                   : Auto
Use Synchronous Set                : Auto
Use Synchronous Reset              : Auto
Pack IO Registers into IOBs        : Auto
Equivalent register Removal        : YES

---- General Options
Optimization Goal                  : Speed
Optimization Effort                : 1
Power Reduction                    : NO
Keep Hierarchy                     : No
Netlist Hierarchy                  : As_Optimized
RTL Output                         : Yes
Global Optimization                : AllClockNets
Read Cores                         : YES
Write Timing Constraints           : NO
Cross Clock Analysis               : NO
Hierarchy Separator                : /
Bus Delimiter                      : <>
Case Specifier                     : Maintain
Slice Utilization Ratio            : 100
BRAM Utilization Ratio             : 100
DSP48 Utilization Ratio            : 100
Auto BRAM Packing                  : NO
Slice Utilization Ratio Delta      : 5

=========================================================================


=========================================================================
*                          HDL Parsing                                  *
=========================================================================
Parsing VHDL file "\\thayerfs.thayer.dartmouth.edu\f0019x8\ENGS31\Lab3\Brakes_incorporated.vhd" into library work
Parsing entity <taillights>.
Parsing architecture <Behavioral> of entity <taillights>.

=========================================================================
*                            HDL Elaboration                            *
=========================================================================

Elaborating entity <taillights> (architecture <Behavioral>) from library <work>.

=========================================================================
*                           HDL Synthesis                               *
=========================================================================

Synthesizing Unit <taillights>.
    Related source file is "\\thayerfs.thayer.dartmouth.edu\f0019x8\ENGS31\Lab3\Brakes_incorporated.vhd".
    Found 32-bit register for signal <clkdiv>.
    Found 2-bit register for signal <PS>.
    Found 1-bit register for signal <clk_en>.
    Found 32-bit adder for signal <clkdiv[31]_GND_5_o_add_1_OUT> created at line 71.
    Found 1-bit 3-to-1 multiplexer for signal <LightR> created at line 81.
    Found 1-bit 4-to-1 multiplexer for signal <LightL> created at line 81.
    Found 1-bit 4-to-1 multiplexer for signal <PS[1]_GND_5_o_Mux_21_o> created at line 81.
    Found 1-bit 4-to-1 multiplexer for signal <PS[1]_GND_5_o_Mux_23_o> created at line 81.
WARNING:Xst:737 - Found 1-bit latch for signal <NS<1>>. Latches may be generated from incomplete case or if statements. We do not recommend the use of latches in FPGA/CPLD designs, as they may lead to timing problems.
WARNING:Xst:737 - Found 1-bit latch for signal <NS<0>>. Latches may be generated from incomplete case or if statements. We do not recommend the use of latches in FPGA/CPLD designs, as they may lead to timing problems.
    Summary:
	inferred   1 Adder/Subtractor(s).
	inferred  35 D-type flip-flop(s).
	inferred   2 Latch(s).
	inferred  11 Multiplexer(s).
Unit <taillights> synthesized.

=========================================================================
HDL Synthesis Report

Macro Statistics
# Adders/Subtractors                                   : 1
 32-bit adder                                          : 1
# Registers                                            : 3
 1-bit register                                        : 1
 2-bit register                                        : 1
 32-bit register                                       : 1
# Latches                                              : 2
 1-bit latch                                           : 2
# Multiplexers                                         : 11
 1-bit 2-to-1 multiplexer                              : 7
 1-bit 3-to-1 multiplexer                              : 1
 1-bit 4-to-1 multiplexer                              : 3

=========================================================================

=========================================================================
*                       Advanced HDL Synthesis                          *
=========================================================================

